<?xml version="1.0" encoding="UTF-8"?>
<testsuite name="TestSuite" time="4.064" tests="10" errors="0" skipped="0" failures="4">
  <properties>
    <property name="java.runtime.name" value="Java(TM) SE Runtime Environment"/>
    <property name="java.vm.version" value="16.0.2+7-67"/>
    <property name="sun.boot.library.path" value="C:\Program Files\Java\jdk-16.0.2\bin"/>
    <property name="maven.multiModuleProjectDirectory" value="C:\Siva\temp\eclipseworkspace\travelporthotel"/>
    <property name="java.vm.vendor" value="Oracle Corporation"/>
    <property name="java.vendor.url" value="https://java.oracle.com/"/>
    <property name="guice.disable.misplaced.annotation.check" value="true"/>
    <property name="path.separator" value=";"/>
    <property name="java.vm.name" value="Java HotSpot(TM) 64-Bit Server VM"/>
    <property name="sun.os.patch.level" value=""/>
    <property name="user.script" value=""/>
    <property name="user.country" value="IE"/>
    <property name="sun.java.launcher" value="SUN_STANDARD"/>
    <property name="java.vm.specification.name" value="Java Virtual Machine Specification"/>
    <property name="user.dir" value="C:\Siva\temp\eclipseworkspace\travelporthotel"/>
    <property name="java.vm.compressedOopsMode" value="32-bit"/>
    <property name="java.runtime.version" value="16.0.2+7-67"/>
    <property name="os.arch" value="amd64"/>
    <property name="java.io.tmpdir" value="C:\Users\sivak\AppData\Local\Temp\"/>
    <property name="line.separator" value="&#10;"/>
    <property name="java.vm.specification.vendor" value="Oracle Corporation"/>
    <property name="user.variant" value=""/>
    <property name="os.name" value="Windows 10"/>
    <property name="classworlds.conf" value="C:\Siva\apache-maven-3.8.2\bin\m2.conf"/>
    <property name="sun.jnu.encoding" value="Cp1252"/>
    <property name="java.library.path" value="C:\Program Files\Java\jdk-16.0.2\bin;C:\WINDOWS\Sun\Java\bin;C:\WINDOWS\system32;C:\WINDOWS;C:\Program Files\Common Files\Oracle\Java\javapath;E:\oracle\product\10.2.0\db_1\bin;C:\ProgramData\Oracle\Java\javapath;C:\WINDOWS\system32;C:\WINDOWS;C:\WINDOWS\System32\Wbem;C:\WINDOWS\System32\WindowsPowerShell\v1.0\;C:\WINDOWS\System32\OpenSSH\;&quot;C:\TC\BIN;C:\TC\BIN\SIVA&quot;;C:\Users\sivak\AppData\Local\Programs\Python\Python39\Scripts\;C:\Users\sivak\AppData\Local\Programs\Python\Python39\;C:\Program Files\Java\jdk-16.0.2/bin;C:\Users\sivak\AppData\Local\Microsoft\WindowsApps;C:\Program Files\JetBrains\PyCharm Community Edition 2020.3.3\bin;C:\Siva\apache-maven-3.8.2\bin;."/>
    <property name="maven.conf" value="C:\Siva\apache-maven-3.8.2/conf"/>
    <property name="jdk.debug" value="release"/>
    <property name="java.class.version" value="60.0"/>
    <property name="java.specification.name" value="Java Platform API Specification"/>
    <property name="sun.management.compiler" value="HotSpot 64-Bit Tiered Compilers"/>
    <property name="os.version" value="10.0"/>
    <property name="user.home" value="C:\Users\sivak"/>
    <property name="user.timezone" value="Asia/Calcutta"/>
    <property name="file.encoding" value="Cp1252"/>
    <property name="java.specification.version" value="16"/>
    <property name="user.name" value="sivak"/>
    <property name="java.class.path" value="C:\Siva\apache-maven-3.8.2\boot\plexus-classworlds-2.6.0.jar"/>
    <property name="java.vm.specification.version" value="16"/>
    <property name="sun.arch.data.model" value="64"/>
    <property name="sun.java.command" value="org.codehaus.plexus.classworlds.launcher.Launcher test"/>
    <property name="java.home" value="C:\Program Files\Java\jdk-16.0.2"/>
    <property name="user.language" value="en"/>
    <property name="java.specification.vendor" value="Oracle Corporation"/>
    <property name="java.vm.info" value="mixed mode, sharing"/>
    <property name="java.version" value="16.0.2"/>
    <property name="java.vendor" value="Oracle Corporation"/>
    <property name="sun.stderr.encoding" value="cp437"/>
    <property name="maven.home" value="C:\Siva\apache-maven-3.8.2"/>
    <property name="file.separator" value="\"/>
    <property name="java.version.date" value="2021-07-20"/>
    <property name="java.vendor.url.bug" value="https://bugreport.java.com/bugreport/"/>
    <property name="sun.io.unicode.encoding" value="UnicodeLittle"/>
    <property name="sun.cpu.endian" value="little"/>
    <property name="sun.stdout.encoding" value="cp437"/>
    <property name="sun.cpu.isalist" value="amd64"/>
  </properties>
  <testcase name="testBookARoomPostResponseObjFieldValidation2" classname="com.travelport.hotel.RequestRouter" time="2.969"/>
  <testcase name="testBookARoomPostResponseObjValidation" classname="com.travelport.hotel.RequestRouter" time="0.833">
    <failure message="Checkout Date is incorrect in Response object.. expected [true] but found [false]" type="java.lang.AssertionError">java.lang.AssertionError: Checkout Date is incorrect in Response object.. expected [true] but found [false]
	at org.testng.Assert.fail(Assert.java:96)
	at org.testng.Assert.failNotEquals(Assert.java:776)
	at org.testng.Assert.assertEqualsImpl(Assert.java:137)
	at org.testng.Assert.assertEquals(Assert.java:118)
	at org.testng.Assert.assertEquals(Assert.java:568)
	at com.all.utils.CommnUtils.validateBookRoomPostResponsObj(CommnUtils.java:53)
	at com.travelport.hotel.RequestRouter.testBookARoomPostResponseObjValidation(RequestRouter.java:79)
</failure>
    <system-out><![CDATA[200
Respons String: {
    "checkInDate": "2021-09-19",
    "checkOutDate": "2021-09-23",
    "totalPrice": 530
}
Room amount=530       2021-09-23
]]></system-out>
  </testcase>
  <testcase name="testBookRoomPostWithInvalidDate" classname="com.travelport.hotel.RequestRouter" time="0.035">
    <failure message="Veryfying POST With Invalid Date...  expected [400] but found [200]" type="java.lang.AssertionError">java.lang.AssertionError: Veryfying POST With Invalid Date...  expected [400] but found [200]
	at org.testng.Assert.fail(Assert.java:96)
	at org.testng.Assert.failNotEquals(Assert.java:776)
	at org.testng.Assert.assertEqualsImpl(Assert.java:137)
	at org.testng.Assert.assertEquals(Assert.java:118)
	at org.testng.Assert.assertEquals(Assert.java:652)
	at com.travelport.hotel.RequestRouter.testBookRoomPostWithInvalidDate(RequestRouter.java:98)
</failure>
  </testcase>
  <testcase name="testBookRoomPostWithMoreDay" classname="com.travelport.hotel.RequestRouter" time="0.045"/>
  <testcase name="testGetRequestForRoomAvailability" classname="com.travelport.hotel.RequestRouter" time="0.043"/>
  <testcase name="testPostReqForBookARoom" classname="com.travelport.hotel.RequestRouter" time="0.045"/>
  <testcase name="testValidateGetRequestFieldsContents" classname="com.travelport.hotel.RequestRouter" time="0.022"/>
  <testcase name="testValidateGetRequestFieldsValuess" classname="com.travelport.hotel.RequestRouter" time="0.034">
    <failure message="Rooms_available field should be greater or Zero..-66 expected [true] but found [false]" type="java.lang.AssertionError">java.lang.AssertionError: Rooms_available field should be greater or Zero..-66 expected [true] but found [false]
	at org.testng.Assert.fail(Assert.java:96)
	at org.testng.Assert.failNotEquals(Assert.java:776)
	at org.testng.Assert.assertEqualsImpl(Assert.java:137)
	at org.testng.Assert.assertEquals(Assert.java:118)
	at org.testng.Assert.assertEquals(Assert.java:568)
	at com.travelport.hotel.Base.validatAvailabilityResponseObjFieldValues(Base.java:75)
	at com.travelport.hotel.RequestRouter.testValidateGetRequestFieldsValuess(RequestRouter.java:36)
</failure>
  </testcase>
  <testcase name="testValidateGetRequestWithANonValidStringDate" classname="com.travelport.hotel.RequestRouter" time="0.02"/>
  <testcase name="testValidateGetRequestWithPastDate" classname="com.travelport.hotel.RequestRouter" time="0.018">
    <failure message="As it is a previous date, it should get an error msg.. expected [400] but found [200]" type="java.lang.AssertionError">java.lang.AssertionError: As it is a previous date, it should get an error msg.. expected [400] but found [200]
	at org.testng.Assert.fail(Assert.java:96)
	at org.testng.Assert.failNotEquals(Assert.java:776)
	at org.testng.Assert.assertEqualsImpl(Assert.java:137)
	at org.testng.Assert.assertEquals(Assert.java:118)
	at org.testng.Assert.assertEquals(Assert.java:652)
	at com.travelport.hotel.RequestRouter.testValidateGetRequestWithPastDate(RequestRouter.java:44)
</failure>
  </testcase>
</testsuite>